<?xml version="1.0" encoding="UTF-8"?>
<!-- Generated by org.testng.reporters.JUnitXMLReporter -->
<testsuite hostname="JIJO" ignored="0" name="Default test" tests="6" failures="0" timestamp="2021-12-19T18:58:53 EST" time="42.305" errors="0">
  <testcase name="verfiyLogin" time="2.992" classname="co.parabank.PageTest.LandingPageTest"/>
  <testcase name="loginVerify" time="0.909" classname="co.parabank.PageTest.LandingPageTest"/>
  <testcase name="loginVerify" time="0.913" classname="co.parabank.PageTest.LandingPageTest"/>
  <testcase name="loginVerify" time="1.12" classname="co.parabank.PageTest.LandingPageTest"/>
  <testcase name="loginVerify" time="0.89" classname="co.parabank.PageTest.LandingPageTest"/>
  <testcase name="loginVerify" time="0.764" classname="co.parabank.PageTest.LandingPageTest"/>
</testsuite> <!-- Default test -->
