<?xml version="1.0" encoding="UTF-8"?>
<testng-results skipped="0" failed="0" ignored="0" total="6" passed="6">
  <reporter-output>
  </reporter-output>
  <suite name="Default suite" duration-ms="42305" started-at="2021-12-19T18:58:11 EST" finished-at="2021-12-19T18:58:53 EST">
    <groups>
    </groups>
    <test name="Default test" duration-ms="42305" started-at="2021-12-19T18:58:11 EST" finished-at="2021-12-19T18:58:53 EST">
      <class name="co.parabank.PageTest.LandingPageTest">
        <test-method status="PASS" signature="loggerSetup()[pri:0, instance:co.parabank.PageTest.LandingPageTest@eafc191]" name="loggerSetup" is-config="true" duration-ms="71" started-at="2021-12-19T18:58:11 EST" finished-at="2021-12-19T18:58:11 EST">
          <reporter-output>
          </reporter-output>
        </test-method> <!-- loggerSetup -->
        <test-method status="PASS" signature="intialise()[pri:0, instance:co.parabank.PageTest.LandingPageTest@eafc191]" name="intialise" is-config="true" duration-ms="6207" started-at="2021-12-19T18:58:11 EST" finished-at="2021-12-19T18:58:17 EST">
          <reporter-output>
          </reporter-output>
        </test-method> <!-- intialise -->
        <test-method status="PASS" signature="verfiyLogin()[pri:2, instance:co.parabank.PageTest.LandingPageTest@eafc191]" name="verfiyLogin" duration-ms="2992" started-at="2021-12-19T18:58:17 EST" finished-at="2021-12-19T18:58:20 EST">
          <reporter-output>
          </reporter-output>
        </test-method> <!-- verfiyLogin -->
        <test-method status="PASS" signature="quitBrowser()[pri:0, instance:co.parabank.PageTest.LandingPageTest@eafc191]" name="quitBrowser" is-config="true" duration-ms="824" started-at="2021-12-19T18:58:20 EST" finished-at="2021-12-19T18:58:21 EST">
          <reporter-output>
          </reporter-output>
        </test-method> <!-- quitBrowser -->
        <test-method status="PASS" signature="intialise()[pri:0, instance:co.parabank.PageTest.LandingPageTest@eafc191]" name="intialise" is-config="true" duration-ms="4620" started-at="2021-12-19T18:58:22 EST" finished-at="2021-12-19T18:58:27 EST">
          <reporter-output>
          </reporter-output>
        </test-method> <!-- intialise -->
        <test-method status="PASS" signature="loginVerify(java.lang.String,java.lang.String)[pri:3, instance:co.parabank.PageTest.LandingPageTest@eafc191]" name="loginVerify" duration-ms="909" started-at="2021-12-19T18:58:27 EST" data-provider="Login" finished-at="2021-12-19T18:58:28 EST">
          <params>
            <param index="0">
              <value>
                <![CDATA[jijoms56]]>
              </value>
            </param>
            <param index="1">
              <value>
                <![CDATA[psw123]]>
              </value>
            </param>
          </params>
          <reporter-output>
          </reporter-output>
        </test-method> <!-- loginVerify -->
        <test-method status="PASS" signature="quitBrowser()[pri:0, instance:co.parabank.PageTest.LandingPageTest@eafc191]" name="quitBrowser" is-config="true" duration-ms="788" started-at="2021-12-19T18:58:28 EST" finished-at="2021-12-19T18:58:29 EST">
          <reporter-output>
          </reporter-output>
        </test-method> <!-- quitBrowser -->
        <test-method status="PASS" signature="intialise()[pri:0, instance:co.parabank.PageTest.LandingPageTest@eafc191]" name="intialise" is-config="true" duration-ms="4716" started-at="2021-12-19T18:58:29 EST" finished-at="2021-12-19T18:58:33 EST">
          <reporter-output>
          </reporter-output>
        </test-method> <!-- intialise -->
        <test-method status="PASS" signature="loginVerify(java.lang.String,java.lang.String)[pri:3, instance:co.parabank.PageTest.LandingPageTest@eafc191]" name="loginVerify" duration-ms="913" started-at="2021-12-19T18:58:33 EST" data-provider="Login" finished-at="2021-12-19T18:58:34 EST">
          <params>
            <param index="0">
              <value>
                <![CDATA[jijo123]]>
              </value>
            </param>
            <param index="1">
              <value>
                <![CDATA[psw123]]>
              </value>
            </param>
          </params>
          <reporter-output>
          </reporter-output>
        </test-method> <!-- loginVerify -->
        <test-method status="PASS" signature="quitBrowser()[pri:0, instance:co.parabank.PageTest.LandingPageTest@eafc191]" name="quitBrowser" is-config="true" duration-ms="830" started-at="2021-12-19T18:58:34 EST" finished-at="2021-12-19T18:58:35 EST">
          <reporter-output>
          </reporter-output>
        </test-method> <!-- quitBrowser -->
        <test-method status="PASS" signature="intialise()[pri:0, instance:co.parabank.PageTest.LandingPageTest@eafc191]" name="intialise" is-config="true" duration-ms="4461" started-at="2021-12-19T18:58:35 EST" finished-at="2021-12-19T18:58:40 EST">
          <reporter-output>
          </reporter-output>
        </test-method> <!-- intialise -->
        <test-method status="PASS" signature="loginVerify(java.lang.String,java.lang.String)[pri:3, instance:co.parabank.PageTest.LandingPageTest@eafc191]" name="loginVerify" duration-ms="1120" started-at="2021-12-19T18:58:40 EST" data-provider="Login" finished-at="2021-12-19T18:58:41 EST">
          <params>
            <param index="0">
              <value>
                <![CDATA[jijo1234]]>
              </value>
            </param>
            <param index="1">
              <value>
                <![CDATA[psw123]]>
              </value>
            </param>
          </params>
          <reporter-output>
          </reporter-output>
        </test-method> <!-- loginVerify -->
        <test-method status="PASS" signature="quitBrowser()[pri:0, instance:co.parabank.PageTest.LandingPageTest@eafc191]" name="quitBrowser" is-config="true" duration-ms="775" started-at="2021-12-19T18:58:41 EST" finished-at="2021-12-19T18:58:41 EST">
          <reporter-output>
          </reporter-output>
        </test-method> <!-- quitBrowser -->
        <test-method status="PASS" signature="intialise()[pri:0, instance:co.parabank.PageTest.LandingPageTest@eafc191]" name="intialise" is-config="true" duration-ms="4638" started-at="2021-12-19T18:58:41 EST" finished-at="2021-12-19T18:58:46 EST">
          <reporter-output>
          </reporter-output>
        </test-method> <!-- intialise -->
        <test-method status="PASS" signature="loginVerify(java.lang.String,java.lang.String)[pri:3, instance:co.parabank.PageTest.LandingPageTest@eafc191]" name="loginVerify" duration-ms="890" started-at="2021-12-19T18:58:46 EST" data-provider="Login" finished-at="2021-12-19T18:58:47 EST">
          <params>
            <param index="0">
              <value>
                <![CDATA[jijo12345]]>
              </value>
            </param>
            <param index="1">
              <value>
                <![CDATA[psw123]]>
              </value>
            </param>
          </params>
          <reporter-output>
          </reporter-output>
        </test-method> <!-- loginVerify -->
        <test-method status="PASS" signature="quitBrowser()[pri:0, instance:co.parabank.PageTest.LandingPageTest@eafc191]" name="quitBrowser" is-config="true" duration-ms="839" started-at="2021-12-19T18:58:47 EST" finished-at="2021-12-19T18:58:48 EST">
          <reporter-output>
          </reporter-output>
        </test-method> <!-- quitBrowser -->
        <test-method status="PASS" signature="intialise()[pri:0, instance:co.parabank.PageTest.LandingPageTest@eafc191]" name="intialise" is-config="true" duration-ms="3919" started-at="2021-12-19T18:58:48 EST" finished-at="2021-12-19T18:58:52 EST">
          <reporter-output>
          </reporter-output>
        </test-method> <!-- intialise -->
        <test-method status="PASS" signature="loginVerify(java.lang.String,java.lang.String)[pri:3, instance:co.parabank.PageTest.LandingPageTest@eafc191]" name="loginVerify" duration-ms="764" started-at="2021-12-19T18:58:52 EST" data-provider="Login" finished-at="2021-12-19T18:58:53 EST">
          <params>
            <param index="0">
              <value>
                <![CDATA[jijo123456]]>
              </value>
            </param>
            <param index="1">
              <value>
                <![CDATA[psw123]]>
              </value>
            </param>
          </params>
          <reporter-output>
          </reporter-output>
        </test-method> <!-- loginVerify -->
        <test-method status="PASS" signature="quitBrowser()[pri:0, instance:co.parabank.PageTest.LandingPageTest@eafc191]" name="quitBrowser" is-config="true" duration-ms="826" started-at="2021-12-19T18:58:53 EST" finished-at="2021-12-19T18:58:53 EST">
          <reporter-output>
          </reporter-output>
        </test-method> <!-- quitBrowser -->
      </class> <!-- co.parabank.PageTest.LandingPageTest -->
    </test> <!-- Default test -->
  </suite> <!-- Default suite -->
</testng-results>
